Determining if the pthread_create exist failed with the following output:
Change Dir: /home/uhost9/v3_puneet/srsLTE/build/CMakeFiles/CMakeTmp

Run Build Command:/usr/bin/make "cmTryCompileExec3675388949/fast"
/usr/bin/make -f CMakeFiles/cmTryCompileExec3675388949.dir/build.make CMakeFiles/cmTryCompileExec3675388949.dir/build
make[1]: Entering directory `/home/uhost9/v3_puneet/srsLTE/build/CMakeFiles/CMakeTmp'
/usr/bin/cmake -E cmake_progress_report /home/uhost9/v3_puneet/srsLTE/build/CMakeFiles/CMakeTmp/CMakeFiles 1
Building C object CMakeFiles/cmTryCompileExec3675388949.dir/CheckSymbolExists.c.o
/usr/bin/cc    -o CMakeFiles/cmTryCompileExec3675388949.dir/CheckSymbolExists.c.o   -c /home/uhost9/v3_puneet/srsLTE/build/CMakeFiles/CMakeTmp/CheckSymbolExists.c
Linking C executable cmTryCompileExec3675388949
/usr/bin/cmake -E cmake_link_script CMakeFiles/cmTryCompileExec3675388949.dir/link.txt --verbose=1
/usr/bin/cc       CMakeFiles/cmTryCompileExec3675388949.dir/CheckSymbolExists.c.o  -o cmTryCompileExec3675388949 -rdynamic 
CMakeFiles/cmTryCompileExec3675388949.dir/CheckSymbolExists.c.o: In function `main':
CheckSymbolExists.c:(.text+0x16): undefined reference to `pthread_create'
collect2: error: ld returned 1 exit status
make[1]: *** [cmTryCompileExec3675388949] Error 1
make[1]: Leaving directory `/home/uhost9/v3_puneet/srsLTE/build/CMakeFiles/CMakeTmp'
make: *** [cmTryCompileExec3675388949/fast] Error 2

File /home/uhost9/v3_puneet/srsLTE/build/CMakeFiles/CMakeTmp/CheckSymbolExists.c:
/* */
#include <pthread.h>

int main(int argc, char** argv)
{
  (void)argv;
#ifndef pthread_create
  return ((int*)(&pthread_create))[argc];
#else
  (void)argc;
  return 0;
#endif
}

Determining if the function pthread_create exists in the pthreads failed with the following output:
Change Dir: /home/uhost9/v3_puneet/srsLTE/build/CMakeFiles/CMakeTmp

Run Build Command:/usr/bin/make "cmTryCompileExec2932207092/fast"
/usr/bin/make -f CMakeFiles/cmTryCompileExec2932207092.dir/build.make CMakeFiles/cmTryCompileExec2932207092.dir/build
make[1]: Entering directory `/home/uhost9/v3_puneet/srsLTE/build/CMakeFiles/CMakeTmp'
/usr/bin/cmake -E cmake_progress_report /home/uhost9/v3_puneet/srsLTE/build/CMakeFiles/CMakeTmp/CMakeFiles 1
Building C object CMakeFiles/cmTryCompileExec2932207092.dir/CheckFunctionExists.c.o
/usr/bin/cc   -DCHECK_FUNCTION_EXISTS=pthread_create   -o CMakeFiles/cmTryCompileExec2932207092.dir/CheckFunctionExists.c.o   -c /usr/share/cmake-2.8/Modules/CheckFunctionExists.c
Linking C executable cmTryCompileExec2932207092
/usr/bin/cmake -E cmake_link_script CMakeFiles/cmTryCompileExec2932207092.dir/link.txt --verbose=1
/usr/bin/cc   -DCHECK_FUNCTION_EXISTS=pthread_create    CMakeFiles/cmTryCompileExec2932207092.dir/CheckFunctionExists.c.o  -o cmTryCompileExec2932207092 -rdynamic -lpthreads 
/usr/bin/ld: cannot find -lpthreads
collect2: error: ld returned 1 exit status
make[1]: *** [cmTryCompileExec2932207092] Error 1
make[1]: Leaving directory `/home/uhost9/v3_puneet/srsLTE/build/CMakeFiles/CMakeTmp'
make: *** [cmTryCompileExec2932207092/fast] Error 2


Performing C SOURCE FILE Test HAVE_AVX512 failed with the following output:
Change Dir: /home/uhost9/v3_puneet/srsLTE/build/CMakeFiles/CMakeTmp

Run Build Command:/usr/bin/make "cmTryCompileExec839523522/fast"
/usr/bin/make -f CMakeFiles/cmTryCompileExec839523522.dir/build.make CMakeFiles/cmTryCompileExec839523522.dir/build
make[1]: Entering directory `/home/uhost9/v3_puneet/srsLTE/build/CMakeFiles/CMakeTmp'
/usr/bin/cmake -E cmake_progress_report /home/uhost9/v3_puneet/srsLTE/build/CMakeFiles/CMakeTmp/CMakeFiles 1
Building C object CMakeFiles/cmTryCompileExec839523522.dir/src.c.o
/usr/bin/cc   -DHAVE_AVX512 -mavx512f   -o CMakeFiles/cmTryCompileExec839523522.dir/src.c.o   -c /home/uhost9/v3_puneet/srsLTE/build/CMakeFiles/CMakeTmp/src.c
cc: error: unrecognized command line option ‘-mavx512f’
make[1]: *** [CMakeFiles/cmTryCompileExec839523522.dir/src.c.o] Error 1
make[1]: Leaving directory `/home/uhost9/v3_puneet/srsLTE/build/CMakeFiles/CMakeTmp'
make: *** [cmTryCompileExec839523522/fast] Error 2

Return value: 1
Source file was:

          #include <immintrin.h>
          int main()
          {
            __m512i a, b, c;
            const int src[16] = { 0x0, 0x1, 0x2, 0x3, 0x4, 0x5, 0x6, 0x7, 0x8 , 0x9, 0xA, 0xB, 0xC, 0xD, 0xE, 0xF};
            int dst[16];
            a =  _mm512_loadu_si512( (__m512i*)src );
            b =  _mm512_loadu_si512( (__m512i*)src );
            c = _mm512_add_epi32( a, b );
            _mm512_storeu_si512( (__m512i*)dst, c );
            int i = 0;
            for( i = 0; i < 16; i++ ){
              if( ( src[i] + src[i] ) != dst[i] ){
                return -1;
              }
            }
            return 0;
          }
Performing C++ SOURCE FILE Test HAVE_ERROR_INCOMPATIBLE failed with the following output:
Change Dir: /home/uhost9/v3_puneet/srsLTE/build/CMakeFiles/CMakeTmp

Run Build Command:/usr/bin/make "cmTryCompileExec923368281/fast"
/usr/bin/make -f CMakeFiles/cmTryCompileExec923368281.dir/build.make CMakeFiles/cmTryCompileExec923368281.dir/build
make[1]: Entering directory `/home/uhost9/v3_puneet/srsLTE/build/CMakeFiles/CMakeTmp'
/usr/bin/cmake -E cmake_progress_report /home/uhost9/v3_puneet/srsLTE/build/CMakeFiles/CMakeTmp/CMakeFiles 1
Building CXX object CMakeFiles/cmTryCompileExec923368281.dir/src.cxx.o
/usr/bin/c++    -march=native -Wall -Wno-comment -Wno-reorder -Wno-unused-but-set-variable -Wno-unused-variable -Wformat -Wmissing-field-initializers -Wtype-limits -std=c++03 -mfpmath=sse -mavx2 -DLV_HAVE_AVX2 -DLV_HAVE_AVX -DLV_HAVE_SSE -DHAVE_ERROR_INCOMPATIBLE -mavx512f   -Werror=incompatible-pointer-types -o CMakeFiles/cmTryCompileExec923368281.dir/src.cxx.o -c /home/uhost9/v3_puneet/srsLTE/build/CMakeFiles/CMakeTmp/src.cxx
c++: error: unrecognized command line option '-mavx512f'
make[1]: *** [CMakeFiles/cmTryCompileExec923368281.dir/src.cxx.o] Error 1
make[1]: Leaving directory `/home/uhost9/v3_puneet/srsLTE/build/CMakeFiles/CMakeTmp'
make: *** [cmTryCompileExec923368281/fast] Error 2

Source file was:
int main() { return 0;}
Performing C++ SOURCE FILE Test HAVE_VISIBILITY_HIDDEN failed with the following output:
Change Dir: /home/uhost9/v3_puneet/srsLTE/build/CMakeFiles/CMakeTmp

Run Build Command:/usr/bin/make "cmTryCompileExec556820703/fast"
/usr/bin/make -f CMakeFiles/cmTryCompileExec556820703.dir/build.make CMakeFiles/cmTryCompileExec556820703.dir/build
make[1]: Entering directory `/home/uhost9/v3_puneet/srsLTE/build/CMakeFiles/CMakeTmp'
/usr/bin/cmake -E cmake_progress_report /home/uhost9/v3_puneet/srsLTE/build/CMakeFiles/CMakeTmp/CMakeFiles 1
Building CXX object CMakeFiles/cmTryCompileExec556820703.dir/src.cxx.o
/usr/bin/c++    -march=native -Wall -Wno-comment -Wno-reorder -Wno-unused-but-set-variable -Wno-unused-variable -Wformat -Wmissing-field-initializers -Wtype-limits -std=c++03 -mfpmath=sse -mavx2 -DLV_HAVE_AVX2 -DLV_HAVE_AVX -DLV_HAVE_SSE -O3 -DBUILD_TYPE_RELEASE -DHAVE_VISIBILITY_HIDDEN  -march=native -Wall -Wno-comment -Wno-write-strings -Winline -Wno-unused-result -Wformat -Wmissing-field-initializers -Wtype-limits -std=c99 -D_GNU_SOURCE -O3 -DBUILD_TYPE_RELEASE -mfpmath=sse -mavx2 -DLV_HAVE_AVX2 -DLV_HAVE_AVX -DLV_HAVE_SSE -mfma -DLV_HAVE_FMA -Ofast -funroll-loops   -fvisibility=hidden -o CMakeFiles/cmTryCompileExec556820703.dir/src.cxx.o -c /home/uhost9/v3_puneet/srsLTE/build/CMakeFiles/CMakeTmp/src.cxx
cc1plus: warning: command line option '-std=c99' is valid for C/ObjC but not for C++ [enabled by default]
Linking CXX executable cmTryCompileExec556820703
/usr/bin/cmake -E cmake_link_script CMakeFiles/cmTryCompileExec556820703.dir/link.txt --verbose=1
/usr/bin/c++    -march=native -Wall -Wno-comment -Wno-reorder -Wno-unused-but-set-variable -Wno-unused-variable -Wformat -Wmissing-field-initializers -Wtype-limits -std=c++03 -mfpmath=sse -mavx2 -DLV_HAVE_AVX2 -DLV_HAVE_AVX -DLV_HAVE_SSE -O3 -DBUILD_TYPE_RELEASE -DHAVE_VISIBILITY_HIDDEN  -march=native -Wall -Wno-comment -Wno-write-strings -Winline -Wno-unused-result -Wformat -Wmissing-field-initializers -Wtype-limits -std=c99 -D_GNU_SOURCE -O3 -DBUILD_TYPE_RELEASE -mfpmath=sse -mavx2 -DLV_HAVE_AVX2 -DLV_HAVE_AVX -DLV_HAVE_SSE -mfma -DLV_HAVE_FMA -Ofast -funroll-loops    CMakeFiles/cmTryCompileExec556820703.dir/src.cxx.o  -o cmTryCompileExec556820703 -rdynamic 
make[1]: Leaving directory `/home/uhost9/v3_puneet/srsLTE/build/CMakeFiles/CMakeTmp'

Source file was:
int main() { return 0;}
